Arguments: 
  /usr/local/Cellar/node/8.9.0/bin/node /usr/local/bin/yarn start

PATH: 
  /Users/cansu/anaconda3/bin:/usr/local/bin:/usr/bin:/bin:/usr/sbin:/sbin:/Users/cansu/anaconda3/bin

Yarn version: 
  1.5.1

Node version: 
  8.9.0

Platform: 
  darwin x64

npm manifest: 
  {
    "name": "better-playlists",
    "version": "0.1.0",
    "private": true,
    "dependencies": {
      "query-string": "^5.0.0",
      "react": "^15.6.1",
      "react-dom": "^15.6.1",
      "react-scripts": "1.0.11",
      "reset-css": "^2.2.1"
    },
    "scripts": {
      "start": "react-scripts start",
      "build": "react-scripts build",
      "test": "react-scripts test --env=jsdom",
      "eject": "react-scripts eject"
    }
  }

yarn manifest: 
  No manifest

Lockfile: 
  No lockfile

Trace: 
  Error: Command failed.
  Exit code: 127
  Command: sh
  Arguments: -c react-scripts start
  Directory: /Users/cansu/Desktop/denver-playlist-frontend
  Output:
  
      at ProcessTermError.MessageError (/usr/local/lib/node_modules/yarn/lib/cli.js:186:110)
      at new ProcessTermError (/usr/local/lib/node_modules/yarn/lib/cli.js:226:113)
      at ChildProcess.<anonymous> (/usr/local/lib/node_modules/yarn/lib/cli.js:30281:17)
      at emitTwo (events.js:126:13)
      at ChildProcess.emit (events.js:214:7)
      at maybeClose (internal/child_process.js:925:16)
      at Process.ChildProcess._handle.onexit (internal/child_process.js:209:5)
